{"level":"info","message":"Connected to MongoDB Connected to MongoDB","timestamp":"2022-12-06T21:18:23.849Z"}
{"level":"info","message":"Server started on port 4000 Server started on port 4000","timestamp":"2022-12-06T21:18:23.860Z"}
{"level":"error","message":"uncaughtException uncaughtException","timestamp":"2022-12-06T21:22:48.360Z"}
{"level":"info","message":"Connected to MongoDB Connected to MongoDB","timestamp":"2022-12-15T04:29:19.433Z"}
{"level":"info","message":"Server started on port 4000 Server started on port 4000","timestamp":"2022-12-15T04:29:19.443Z"}
{"level":"info","message":"Connected to MongoDB Connected to MongoDB","timestamp":"2022-12-15T04:53:16.842Z"}
{"level":"info","message":"Server started on port 4000 Server started on port 4000","timestamp":"2022-12-15T04:53:16.875Z"}
{"level":"info","message":"Connected to MongoDB Connected to MongoDB","timestamp":"2022-12-15T04:55:02.424Z"}
{"level":"info","message":"Server started on port 4000 Server started on port 4000","timestamp":"2022-12-15T04:55:02.438Z"}
{"level":"info","message":"Connected to MongoDB Connected to MongoDB","timestamp":"2022-12-15T04:55:16.352Z"}
{"level":"info","message":"Server started on port 4000 Server started on port 4000","timestamp":"2022-12-15T04:55:16.360Z"}
{"level":"info","message":"Connected to MongoDB Connected to MongoDB","timestamp":"2022-12-15T05:00:19.853Z"}
{"level":"info","message":"Server started on port 4000 Server started on port 4000","timestamp":"2022-12-15T05:00:19.875Z"}
{"level":"info","message":"Connected to MongoDB Connected to MongoDB","timestamp":"2022-12-15T05:01:26.262Z"}
{"level":"info","message":"Server started on port 4000 Server started on port 4000","timestamp":"2022-12-15T05:01:26.276Z"}
{"level":"info","message":"Connected to MongoDB Connected to MongoDB","timestamp":"2022-12-15T05:01:38.333Z"}
{"level":"info","message":"Server started on port 4000 Server started on port 4000","timestamp":"2022-12-15T05:01:38.347Z"}
{"level":"error","message":"ValidationError: gender: Path `gender` is required. ValidationError: gender: Path `gender` is required.","timestamp":"2022-12-15T05:10:42.785Z"}
{"level":"error","message":"ValidationError: gender: Path `gender` is required. ValidationError: gender: Path `gender` is required.","timestamp":"2022-12-15T05:11:15.166Z"}
{"level":"error","message":"ValidationError: gender: Path `gender` is required. ValidationError: gender: Path `gender` is required.","timestamp":"2022-12-15T05:16:08.874Z"}
{"level":"error","message":"uncaughtException uncaughtException","timestamp":"2022-12-15T06:10:49.028Z"}
{"level":"info","message":"Connected to MongoDB Connected to MongoDB","timestamp":"2022-12-15T06:39:03.566Z"}
{"level":"info","message":"Server started on port 4000 Server started on port 4000","timestamp":"2022-12-15T06:39:03.580Z"}
{"level":"error","message":"ValidationError: file_content: Path `file_content` is required. ValidationError: file_content: Path `file_content` is required.","timestamp":"2022-12-15T07:20:39.051Z"}
{"level":"error","message":"uncaughtException uncaughtException","timestamp":"2022-12-15T08:08:23.138Z"}
