{"level":"error","message":"uncaughtException uncaughtException","timestamp":"2022-12-06T21:22:48.360Z"}
{"level":"error","message":"ValidationError: gender: Path `gender` is required. ValidationError: gender: Path `gender` is required.","timestamp":"2022-12-15T05:10:42.785Z"}
{"level":"error","message":"ValidationError: gender: Path `gender` is required. ValidationError: gender: Path `gender` is required.","timestamp":"2022-12-15T05:11:15.166Z"}
{"level":"error","message":"ValidationError: gender: Path `gender` is required. ValidationError: gender: Path `gender` is required.","timestamp":"2022-12-15T05:16:08.874Z"}
{"level":"error","message":"uncaughtException uncaughtException","timestamp":"2022-12-15T06:10:49.028Z"}
{"level":"error","message":"ValidationError: file_content: Path `file_content` is required. ValidationError: file_content: Path `file_content` is required.","timestamp":"2022-12-15T07:20:39.051Z"}
{"level":"error","message":"uncaughtException uncaughtException","timestamp":"2022-12-15T08:08:23.138Z"}
{"level":"error","message":"uncaughtException uncaughtException","timestamp":"2022-12-15T13:11:30.851Z"}
{"level":"error","message":"uncaughtException uncaughtException","timestamp":"2022-12-16T14:53:48.989Z"}
{"level":"error","message":"Error: _id is required Error: _id is required","timestamp":"2022-12-16T21:25:13.143Z"}
{"level":"error","message":"Error: _id is required Error: _id is required","timestamp":"2022-12-16T21:25:31.560Z"}
{"level":"error","message":"Error: _id is required Error: _id is required","timestamp":"2022-12-16T21:38:00.263Z"}
{"level":"error","message":"ValidationError: artifact_purpose: Cast to ObjectId failed for value \"\" (type string) at path \"artifact_purpose\" because of \"BSONTypeError\", artifact_class: Cast to ObjectId failed for value \"\" (type string) at path \"artifact_class\" because of \"BSONTypeError\", artifact_type: Cast to ObjectId failed for value \"\" (type string) at path \"artifact_type\" because of \"BSONTypeError\", file_size: Path `file_size` is required., file_format: Path `file_format` is required. ValidationError: artifact_purpose: Cast to ObjectId failed for value \"\" (type string) at path \"artifact_purpose\" because of \"BSONTypeError\", artifact_class: Cast to ObjectId failed for value \"\" (type string) at path \"artifact_class\" because of \"BSONTypeError\", artifact_type: Cast to ObjectId failed for value \"\" (type string) at path \"artifact_type\" because of \"BSONTypeError\", file_size: Path `file_size` is required., file_format: Path `file_format` is required.","timestamp":"2022-12-16T22:13:20.268Z"}
{"level":"error","message":"ValidationError: file_size: Path `file_size` is required., file_format: Path `file_format` is required. ValidationError: file_size: Path `file_size` is required., file_format: Path `file_format` is required.","timestamp":"2022-12-16T22:17:43.981Z"}
{"level":"error","message":"uncaughtException uncaughtException","timestamp":"2023-01-09T18:06:44.602Z"}
{"level":"error","message":"uncaughtException uncaughtException","timestamp":"2023-01-10T21:55:10.281Z"}
{"level":"error","message":"uncaughtException uncaughtException","timestamp":"2023-01-11T19:16:45.679Z"}
{"level":"error","message":"uncaughtException uncaughtException","timestamp":"2023-01-12T21:11:08.778Z"}
{"level":"error","message":"uncaughtException uncaughtException","timestamp":"2023-01-12T23:21:05.472Z"}
{"level":"error","message":"uncaughtException uncaughtException","timestamp":"2023-01-14T03:02:34.978Z"}
{"level":"error","message":"uncaughtException uncaughtException","timestamp":"2023-01-14T20:53:58.931Z"}
{"level":"error","message":"ValidationError: artifact_purpose: Cast to ObjectId failed for value \"\" (type string) at path \"artifact_purpose\" because of \"BSONTypeError\", artifact_class: Cast to ObjectId failed for value \"\" (type string) at path \"artifact_class\" because of \"BSONTypeError\", name: Path `name` is required., file_content: Path `file_content` is required., file_format: Path `file_format` is required., file_size: Path `file_size` is required., file_url: Path `file_url` is required., file_location_path: Path `file_location_path` is required. ValidationError: artifact_purpose: Cast to ObjectId failed for value \"\" (type string) at path \"artifact_purpose\" because of \"BSONTypeError\", artifact_class: Cast to ObjectId failed for value \"\" (type string) at path \"artifact_class\" because of \"BSONTypeError\", name: Path `name` is required., file_content: Path `file_content` is required., file_format: Path `file_format` is required., file_size: Path `file_size` is required., file_url: Path `file_url` is required., file_location_path: Path `file_location_path` is required.","timestamp":"2023-01-16T20:29:23.123Z"}
{"level":"error","message":"ValidationError: artifact_purpose: Cast to ObjectId failed for value \"\" (type string) at path \"artifact_purpose\" because of \"BSONTypeError\", artifact_class: Cast to ObjectId failed for value \"\" (type string) at path \"artifact_class\" because of \"BSONTypeError\", artifact_type: Cast to ObjectId failed for value \"\" (type string) at path \"artifact_type\" because of \"BSONTypeError\", name: Path `name` is required., file_content: Path `file_content` is required., file_format: Path `file_format` is required., file_size: Path `file_size` is required., file_url: Path `file_url` is required., file_location_path: Path `file_location_path` is required. ValidationError: artifact_purpose: Cast to ObjectId failed for value \"\" (type string) at path \"artifact_purpose\" because of \"BSONTypeError\", artifact_class: Cast to ObjectId failed for value \"\" (type string) at path \"artifact_class\" because of \"BSONTypeError\", artifact_type: Cast to ObjectId failed for value \"\" (type string) at path \"artifact_type\" because of \"BSONTypeError\", name: Path `name` is required., file_content: Path `file_content` is required., file_format: Path `file_format` is required., file_size: Path `file_size` is required., file_url: Path `file_url` is required., file_location_path: Path `file_location_path` is required.","timestamp":"2023-01-16T20:36:02.768Z"}
{"level":"error","message":"unhandledRejection unhandledRejection","obj":"Could not connect to any servers in your MongoDB Atlas cluster. One common reason is that you're trying to access the database from an IP that isn't whitelisted. Make sure your current IP address is on your Atlas cluster's IP whitelist: https://docs.atlas.mongodb.com/security-whitelist/","timestamp":"2023-01-17T17:25:09.420Z"}
{"level":"error","message":"unhandledRejection unhandledRejection","obj":"Server selection timed out after 30000 ms","timestamp":"2023-01-17T17:26:48.214Z"}
{"level":"error","message":"unhandledRejection unhandledRejection","obj":"Could not connect to any servers in your MongoDB Atlas cluster. One common reason is that you're trying to access the database from an IP that isn't whitelisted. Make sure your current IP address is on your Atlas cluster's IP whitelist: https://docs.atlas.mongodb.com/security-whitelist/","timestamp":"2023-01-17T17:28:30.326Z"}
{"level":"error","message":"unhandledRejection unhandledRejection","obj":"connection timed out","timestamp":"2023-01-17T17:39:20.142Z"}
{"level":"error","message":"unhandledRejection unhandledRejection","obj":"Could not connect to any servers in your MongoDB Atlas cluster. One common reason is that you're trying to access the database from an IP that isn't whitelisted. Make sure your current IP address is on your Atlas cluster's IP whitelist: https://docs.atlas.mongodb.com/security-whitelist/","timestamp":"2023-01-17T17:43:56.233Z"}
{"level":"error","message":"StrictPopulateError: Cannot populate path `tasks` because it is not in your schema. Set the `strictPopulate` option to false to override. StrictPopulateError: Cannot populate path `tasks` because it is not in your schema. Set the `strictPopulate` option to false to override.","timestamp":"2023-01-17T19:36:46.585Z"}
{"level":"error","message":"StrictPopulateError: Cannot populate path `tasks` because it is not in your schema. Set the `strictPopulate` option to false to override. StrictPopulateError: Cannot populate path `tasks` because it is not in your schema. Set the `strictPopulate` option to false to override.","timestamp":"2023-01-17T19:37:09.533Z"}
{"level":"error","message":"StrictPopulateError: Cannot populate path `experiments` because it is not in your schema. Set the `strictPopulate` option to false to override. StrictPopulateError: Cannot populate path `experiments` because it is not in your schema. Set the `strictPopulate` option to false to override.","timestamp":"2023-01-17T19:38:37.049Z"}
{"level":"error","message":"StrictPopulateError: Cannot populate path `experiments` because it is not in your schema. Set the `strictPopulate` option to false to override. StrictPopulateError: Cannot populate path `experiments` because it is not in your schema. Set the `strictPopulate` option to false to override.","timestamp":"2023-01-17T19:41:15.920Z"}
{"level":"error","message":"StrictPopulateError: Cannot populate path `artifact_purposes` because it is not in your schema. Set the `strictPopulate` option to false to override. StrictPopulateError: Cannot populate path `artifact_purposes` because it is not in your schema. Set the `strictPopulate` option to false to override.","timestamp":"2023-01-17T20:59:31.018Z"}
{"level":"error","message":"StrictPopulateError: Cannot populate path `artifact_purposes` because it is not in your schema. Set the `strictPopulate` option to false to override. StrictPopulateError: Cannot populate path `artifact_purposes` because it is not in your schema. Set the `strictPopulate` option to false to override.","timestamp":"2023-01-17T20:59:44.029Z"}
{"level":"error","message":"uncaughtException uncaughtException","timestamp":"2023-01-17T21:02:42.098Z"}
{"level":"error","message":"uncaughtException uncaughtException","timestamp":"2023-01-17T21:13:49.647Z"}
{"level":"error","message":"unhandledRejection unhandledRejection","obj":"Could not connect to any servers in your MongoDB Atlas cluster. One common reason is that you're trying to access the database from an IP that isn't whitelisted. Make sure your current IP address is on your Atlas cluster's IP whitelist: https://docs.atlas.mongodb.com/security-whitelist/","timestamp":"2023-01-18T16:48:15.445Z"}
